09:54:05.996 INFO - paoletti.antonello@gmail.com hardware joined.
09:58:28.166 INFO - paoletti.antonello@gmail.com Blynk-app (android-22701) joined.
09:59:50.461 ERROR- Error sending email auth token to user : paoletti.antonello@gmail.com. Error: 535-5.7.8 Username and Password not accepted. Learn more at
535 5.7.8  https://support.google.com/mail/?p=BadCredentials a82sm2248054wmf.11 - gsmtp

10:04:43.555 INFO - paoletti.antonello@gmail.com hardware joined.
10:06:14.357 INFO - paoletti.antonello@gmail.com hardware joined.
10:13:50.495 INFO - paoletti.antonello@gmail.com hardware joined.
10:24:01.649 INFO - paoletti.antonello@gmail.com hardware joined.
10:26:08.344 INFO - paoletti.antonello@gmail.com Blynk-app (android-22701) joined.
10:34:00.927 INFO - paoletti.antonello@gmail.com hardware joined.
10:34:03.111 INFO - paoletti.antonello@gmail.com Blynk-app (android-22701) joined.
10:37:56.609 INFO - paoletti.antonello@gmail.com Blynk-app (android-22701) joined.
10:50:33.281 INFO - paoletti.antonello@gmail.com Blynk-app (android-22701) joined.
10:53:44.843 INFO - paoletti.antonello@gmail.com hardware joined.
10:55:11.753 INFO - paoletti.antonello@gmail.com Blynk-app (android-22701) joined.
10:55:36.993 ERROR- Error sending email auth token to user : paoletti.antonello@gmail.com. Error: 535-5.7.8 Username and Password not accepted. Learn more at
535 5.7.8  https://support.google.com/mail/?p=BadCredentials y20sm456627wmi.34 - gsmtp

10:55:55.304 INFO - paoletti.antonello@gmail.com Blynk-app (android-22701) joined.
10:56:27.688 INFO - paoletti.antonello@gmail.com Blynk-app (android-22701) joined.
10:57:53.687 INFO - paoletti.antonello@gmail.com hardware joined.
11:01:52.035 INFO - paoletti.antonello@gmail.com hardware joined.
11:02:10.627 INFO - paoletti.antonello@gmail.com Blynk-app (android-22701) joined.
11:05:56.303 INFO - paoletti.antonello@gmail.com Blynk-app (android-22701) joined.
11:06:33.258 INFO - paoletti.antonello@gmail.com hardware joined.
11:06:34.048 INFO - paoletti.antonello@gmail.com Blynk-app (android-22701) joined.
11:08:23.640 INFO - paoletti.antonello@gmail.com Blynk-app (android-22701) joined.
11:12:28.542 INFO - paoletti.antonello@gmail.com Blynk-app (android-22701) joined.
11:13:57.116 ERROR- Error sending email auth token to user : paoletti.antonello@gmail.com. Error: 535-5.7.8 Username and Password not accepted. Learn more at
535 5.7.8  https://support.google.com/mail/?p=BadCredentials v196sm445925wmf.15 - gsmtp

11:14:13.583 INFO - paoletti.antonello@gmail.com Blynk-app (android-22701) joined.
11:27:46.423 INFO - paoletti.antonello@gmail.com Blynk-app (android-22701) joined.
11:56:27.840 INFO - paoletti.antonello@gmail.com Blynk-app (android-22701) joined.
12:13:48.401 INFO - paoletti.antonello@gmail.com Blynk-app (android-22701) joined.
12:14:27.257 INFO - paoletti.antonello@gmail.com hardware joined.
12:19:04.263 INFO - paoletti.antonello@gmail.com Blynk-app (android-22701) joined.
12:19:25.949 INFO - paoletti.antonello@gmail.com Blynk-app (android-22701) joined.
13:08:27.934 INFO - paoletti.antonello@gmail.com hardware joined.
13:08:44.490 INFO - paoletti.antonello@gmail.com Blynk-app (android-22701) joined.
13:11:12.478 INFO - paoletti.antonello@gmail.com hardware joined.
13:11:15.238 INFO - paoletti.antonello@gmail.com Blynk-app (android-22701) joined.
13:13:00.943 INFO - paoletti.antonello@gmail.com hardware joined.
13:13:03.581 INFO - paoletti.antonello@gmail.com Blynk-app (android-22701) joined.
13:20:08.904 INFO - paoletti.antonello@gmail.com Blynk-app (android-22701) joined.
13:29:43.607 INFO - paoletti.antonello@gmail.com Blynk-app (android-22701) joined.
13:30:09.166 INFO - paoletti.antonello@gmail.com hardware joined.
13:30:44.679 INFO - paoletti.antonello@gmail.com hardware joined.
13:31:07.792 INFO - paoletti.antonello@gmail.com Blynk-app (android-22701) joined.
